<?xml version="1.0" encoding="UTF-8"?>
<!-- Generated by org.testng.reporters.JUnitReportReporter -->
<testsuite hostname="DESKTOP-ACUQNDS" failures="0" tests="1" name="google.GoogleTest" time="39.492" errors="0" timestamp="08 Oct 2021 13:44:28 GMT" skipped="0">
  <testcase classname="google.GoogleTest" name="getdata" time="39.492"/>
</testsuite> <!-- google.GoogleTest -->
